This is pdfTeX, Version 3.141592653-2.6-1.40.26 (TeX Live 2024) (preloaded format=pdflatex 2024.5.20)  17 MAR 2025 11:36
entering extended mode
 restricted \write18 enabled.
 file:line:error style messages enabled.
 %&-line parsing enabled.
**/Users/mirajsamarakkody/Documents/GitHub/Spring_2025_Mod_Alg/mid_exam_rubric.tex
(/Users/mirajsamarakkody/Documents/GitHub/Spring_2025_Mod_Alg/mid_exam_rubric.tex
LaTeX2e <2023-11-01> patch level 1
L3 programming layer <2024-02-20>
(/usr/local/texlive/2024/texmf-dist/tex/latex/base/article.cls
Document Class: article 2023/05/17 v1.4n Standard LaTeX document class
(/usr/local/texlive/2024/texmf-dist/tex/latex/base/size10.clo
File: size10.clo 2023/05/17 v1.4n Standard LaTeX file (size option)
)
\c@part=\count188
\c@section=\count189
\c@subsection=\count190
\c@subsubsection=\count191
\c@paragraph=\count192
\c@subparagraph=\count193
\c@figure=\count194
\c@table=\count195
\abovecaptionskip=\skip48
\belowcaptionskip=\skip49
\bibindent=\dimen140
) (/usr/local/texlive/2024/texmf-dist/tex/latex/geometry/geometry.sty
Package: geometry 2020/01/02 v5.9 Page Geometry
 (/usr/local/texlive/2024/texmf-dist/tex/latex/graphics/keyval.sty
Package: keyval 2022/05/29 v1.15 key=value parser (DPC)
\KV@toks@=\toks17
) (/usr/local/texlive/2024/texmf-dist/tex/generic/iftex/ifvtex.sty
Package: ifvtex 2019/10/25 v1.7 ifvtex legacy package. Use iftex instead.
 (/usr/local/texlive/2024/texmf-dist/tex/generic/iftex/iftex.sty
Package: iftex 2022/02/03 v1.0f TeX engine tests
))
\Gm@cnth=\count196
\Gm@cntv=\count197
\c@Gm@tempcnt=\count198
\Gm@bindingoffset=\dimen141
\Gm@wd@mp=\dimen142
\Gm@odd@mp=\dimen143
\Gm@even@mp=\dimen144
\Gm@layoutwidth=\dimen145
\Gm@layoutheight=\dimen146
\Gm@layouthoffset=\dimen147
\Gm@layoutvoffset=\dimen148
\Gm@dimlist=\toks18
) (/usr/local/texlive/2024/texmf-dist/tex/latex/tools/array.sty
Package: array 2023/10/16 v2.5g Tabular extension package (FMi)
\col@sep=\dimen149
\ar@mcellbox=\box51
\extrarowheight=\dimen150
\NC@list=\toks19
\extratabsurround=\skip50
\backup@length=\skip51
\ar@cellbox=\box52
) (/usr/local/texlive/2024/texmf-dist/tex/latex/booktabs/booktabs.sty
Package: booktabs 2020/01/12 v1.61803398 Publication quality tables
\heavyrulewidth=\dimen151
\lightrulewidth=\dimen152
\cmidrulewidth=\dimen153
\belowrulesep=\dimen154
\belowbottomsep=\dimen155
\aboverulesep=\dimen156
\abovetopsep=\dimen157
\cmidrulesep=\dimen158
\cmidrulekern=\dimen159
\defaultaddspace=\dimen160
\@cmidla=\count199
\@cmidlb=\count266
\@aboverulesep=\dimen161
\@belowrulesep=\dimen162
\@thisruleclass=\count267
\@lastruleclass=\count268
\@thisrulewidth=\dimen163
) (/usr/local/texlive/2024/texmf-dist/tex/latex/l3backend/l3backend-pdftex.def
File: l3backend-pdftex.def 2024-02-20 L3 backend support: PDF output (pdfTeX)
\l__color_backend_stack_int=\count269
\l__pdf_internal_box=\box53
) (./mid_exam_rubric.aux)
\openout1 = `mid_exam_rubric.aux'.

LaTeX Font Info:    Checking defaults for OML/cmm/m/it on input line 6.
LaTeX Font Info:    ... okay on input line 6.
LaTeX Font Info:    Checking defaults for OMS/cmsy/m/n on input line 6.
LaTeX Font Info:    ... okay on input line 6.
LaTeX Font Info:    Checking defaults for OT1/cmr/m/n on input line 6.
LaTeX Font Info:    ... okay on input line 6.
LaTeX Font Info:    Checking defaults for T1/cmr/m/n on input line 6.
LaTeX Font Info:    ... okay on input line 6.
LaTeX Font Info:    Checking defaults for TS1/cmr/m/n on input line 6.
LaTeX Font Info:    ... okay on input line 6.
LaTeX Font Info:    Checking defaults for OMX/cmex/m/n on input line 6.
LaTeX Font Info:    ... okay on input line 6.
LaTeX Font Info:    Checking defaults for U/cmr/m/n on input line 6.
LaTeX Font Info:    ... okay on input line 6.

*geometry* driver: auto-detecting
*geometry* detected driver: pdftex
*geometry* verbose mode - [ preamble ] result:
* driver: pdftex
* paper: a4paper
* layout: <same size as paper>
* layoutoffset:(h,v)=(0.0pt,0.0pt)
* modes: 
* h-part:(L,W,R)=(72.26999pt, 452.9679pt, 72.26999pt)
* v-part:(T,H,B)=(72.26999pt, 700.50687pt, 72.26999pt)
* \paperwidth=597.50787pt
* \paperheight=845.04684pt
* \textwidth=452.9679pt
* \textheight=700.50687pt
* \oddsidemargin=0.0pt
* \evensidemargin=0.0pt
* \topmargin=-37.0pt
* \headheight=12.0pt
* \headsep=25.0pt
* \topskip=10.0pt
* \footskip=30.0pt
* \marginparwidth=65.0pt
* \marginparsep=11.0pt
* \columnsep=10.0pt
* \skip\footins=9.0pt plus 4.0pt minus 2.0pt
* \hoffset=0.0pt
* \voffset=0.0pt
* \mag=1000
* \@twocolumnfalse
* \@twosidefalse
* \@mparswitchfalse
* \@reversemarginfalse
* (1in=72.27pt=25.4mm, 1cm=28.453pt)

LaTeX Font Info:    External font `cmex10' loaded for size
(Font)              <12> on input line 12.
LaTeX Font Info:    External font `cmex10' loaded for size
(Font)              <8> on input line 12.
LaTeX Font Info:    External font `cmex10' loaded for size
(Font)              <6> on input line 12.
LaTeX Font Info:    External font `cmex10' loaded for size
(Font)              <7> on input line 15.
LaTeX Font Info:    External font `cmex10' loaded for size
(Font)              <5> on input line 15.

Underfull \hbox (badness 10000) in paragraph at lines 26--26
[]|\OT1/cmr/m/n/10 Clear, well-
 []


Underfull \hbox (badness 10000) in paragraph at lines 26--26
\OT1/cmr/m/n/10 structured, thor-
 []


Underfull \hbox (badness 2229) in paragraph at lines 26--26
\OT1/cmr/m/n/10 oughly re-searched.
 []


Underfull \hbox (badness 3118) in paragraph at lines 26--26
\OT1/cmr/m/n/10 Log-i-cal flow with
 []


Underfull \hbox (badness 10000) in paragraph at lines 26--26
[]|\OT1/cmr/m/n/10 Well-organized
 []


Underfull \hbox (badness 10000) in paragraph at lines 26--26
[]|\OT1/cmr/m/n/10 Somewhat or-ga-
 []


Underfull \hbox (badness 10000) in paragraph at lines 26--26
\OT1/cmr/m/n/10 nized but lacks
 []


Underfull \hbox (badness 5696) in paragraph at lines 28--28
[]|\OT1/cmr/bx/n/10 Delivery & En-gage-
 []


Underfull \hbox (badness 6575) in paragraph at lines 28--28
[]|\OT1/cmr/m/n/10 Confident, en-gag-
 []


Underfull \hbox (badness 10000) in paragraph at lines 28--28
[]|\OT1/cmr/m/n/10 Mostly con-fi-dent
 []


Underfull \hbox (badness 1377) in paragraph at lines 28--28
\OT1/cmr/m/n/10 with mi-nor lapses
 []


Underfull \hbox (badness 2735) in paragraph at lines 28--28
\OT1/cmr/m/n/10 in en-gage-ment or
 []


Underfull \hbox (badness 2111) in paragraph at lines 28--28
[]|\OT1/cmr/m/n/10 Some ner-vous-ness,
 []


Underfull \hbox (badness 1009) in paragraph at lines 28--28
\OT1/cmr/m/n/10 un-even pac-ing, or
 []


Underfull \hbox (badness 10000) in paragraph at lines 28--28
\OT1/cmr/m/n/10 lim-ited en-gage-
 []


Underfull \hbox (badness 1205) in paragraph at lines 30--30
\OT1/cmr/m/n/10 but may not add
 []


Underfull \hbox (badness 10000) in paragraph at lines 32--32
[]|\OT1/cmr/bx/n/10 Knowledge & Pre-
 []


Underfull \hbox (badness 1009) in paragraph at lines 32--32
\OT1/cmr/m/n/10 un-der-stand-ing and
 []


Underfull \hbox (badness 4266) in paragraph at lines 32--32
\OT1/cmr/m/n/10 thor-ough prepa-ra-
 []


Underfull \hbox (badness 10000) in paragraph at lines 32--32
[]|\OT1/cmr/m/n/10 Shows good un-
 []


Underfull \hbox (badness 10000) in paragraph at lines 32--32
\OT1/cmr/m/n/10 der-stand-ing and
 []


Underfull \hbox (badness 10000) in paragraph at lines 32--32
\OT1/cmr/m/n/10 prepa-ra-tion, but
 []


Underfull \hbox (badness 5607) in paragraph at lines 32--32
[]|\OT1/cmr/m/n/10 Some un-der-stand-
 []


Underfull \hbox (badness 1430) in paragraph at lines 32--32
\OT1/cmr/m/n/10 ing, but strug-gles
 []


Underfull \hbox (badness 2644) in paragraph at lines 32--32
\OT1/cmr/m/n/10 with ques-tions or
 []


Underfull \hbox (badness 6825) in paragraph at lines 34--34
[]|\OT1/cmr/m/n/10 Stays within the
 []


Underfull \hbox (badness 2538) in paragraph at lines 34--34
\OT1/cmr/m/n/10 al-lot-ted time and
 []


Underfull \hbox (badness 10000) in paragraph at lines 34--34
[]|\OT1/cmr/m/n/10 Noticeably too
 []


Underfull \hbox (badness 10000) in paragraph at lines 34--34
\OT1/cmr/m/n/10 short or long,
 []


Underfull \hbox (badness 2626) in paragraph at lines 34--34
\OT1/cmr/m/n/10 miss-ing some key
 []


Underfull \hbox (badness 10000) in paragraph at lines 36--36
[]|\OT1/cmr/m/n/10 Presentation is
 []


Underfull \hbox (badness 4217) in paragraph at lines 36--36
[]|\OT1/cmr/m/n/10 Effective and en-
 []


Underfull \hbox (badness 10000) in paragraph at lines 36--36
[]|\OT1/cmr/m/n/10 Somewhat en-
 []


Underfull \hbox (badness 7704) in paragraph at lines 36--36
\OT1/cmr/m/n/10 gag-ing but lacks
 []


Overfull \hbox (36.22337pt too wide) in paragraph at lines 22--39
[] 
 []

[1

{/usr/local/texlive/2024/texmf-var/fonts/map/pdftex/updmap/pdftex.map}]
Underfull \hbox (badness 10000) in paragraph at lines 46--46
[]|\OT1/cmr/bx/n/10 Excellent (10
 []


Underfull \hbox (badness 2626) in paragraph at lines 46--46
[]|\OT1/cmr/bx/n/10 Needs Im-prove-
 []


Underfull \hbox (badness 10000) in paragraph at lines 48--48
[]|\OT1/cmr/m/n/10 Partially cor-rect
 []


Underfull \hbox (badness 10000) in paragraph at lines 50--50
[]|\OT1/cmr/m/n/10 Partially cor-rect
 []


Underfull \hbox (badness 10000) in paragraph at lines 52--52
[]|\OT1/cmr/m/n/10 Partially cor-rect
 []


Overfull \hbox (51.22337pt too wide) in paragraph at lines 44--55
[][] 
 []

[2{/usr/local/texlive/2024/texmf-dist/fonts/enc/dvips/cm-super/cm-super-ts1.enc}] (./mid_exam_rubric.aux)
 ***********
LaTeX2e <2023-11-01> patch level 1
L3 programming layer <2024-02-20>
 ***********
 ) 
Here is how much of TeX's memory you used:
 1199 strings out of 474116
 20391 string characters out of 5743682
 1938187 words of memory out of 5000000
 23604 multiletter control sequences out of 15000+600000
 562352 words of font info for 50 fonts, out of 8000000 for 9000
 1141 hyphenation exceptions out of 8191
 57i,8n,65p,409b,188s stack positions out of 10000i,1000n,20000p,200000b,200000s
</usr/local/texlive/2024/texmf-dist/fonts/type1/public/amsfonts/cm/cmbx10.pfb></usr/local/texlive/2024/texmf-dist/fonts/type1/public/amsfonts/cm/cmbx12.pfb></usr/local/texlive/2024/texmf-dist/fonts/type1/public/amsfonts/cm/cmr10.pfb></usr/local/texlive/2024/texmf-dist/fonts/type1/public/amsfonts/cm/cmr17.pfb></usr/local/texlive/2024/texmf-dist/fonts/type1/public/cm-super/sfrm1000.pfb>
Output written on mid_exam_rubric.pdf (2 pages, 76183 bytes).
PDF statistics:
 37 PDF objects out of 1000 (max. 8388607)
 22 compressed objects within 1 object stream
 0 named destinations out of 1000 (max. 500000)
 1 words of extra memory for PDF output out of 10000 (max. 10000000)

